#
# A fatal error has been detected by the Java Runtime Environment:
#
#  EXCEPTION_ACCESS_VIOLATION (0xc0000005) at pc=0x00007ff8665f6afb, pid=9340, tid=0x0000000000000bd0
#
# JRE version: Java(TM) SE Runtime Environment (8.0_131-b11) (build 1.8.0_131-b11)
# Java VM: Java HotSpot(TM) 64-Bit Server VM (25.131-b11 mixed mode windows-amd64 compressed oops)
# Problematic frame:
# C  [ntdll.dll+0xa6afb]
#
# Failed to write core dump. Minidumps are not enabled by default on client versions of Windows
#
# If you would like to submit a bug report, please visit:
#   http://bugreport.java.com/bugreport/crash.jsp
# The crash happened outside the Java Virtual Machine in native code.
# See problematic frame for where to report the bug.
#

---------------  T H R E A D  ---------------

Current thread (0x000000001edaf800):  JavaThread "SpringContextShutdownHook" [_thread_in_native, id=3024, stack(0x0000000025c10000,0x0000000025d10000)]

siginfo: ExceptionCode=0xc0000005, reading address 0x0000000000617469

Registers:
RAX=0x0000000000f96fd0, RBX=0x0000000000617461, RCX=0x0000000000000840, RDX=0x0000000000f97820
RSP=0x0000000025d0e500, RBP=0x0000000000000000, RSI=0x0000000000ea0000, RDI=0x0000000000000000
R8 =0x000000002e43d90c, R9 =0x0000000000000000, R10=0x0047000001000000, R11=0x0000000000f97b41
R12=0x0000000000000000, R13=0x0000000000f97820, R14=0x0000000000f97810, R15=0x0000000000000001
RIP=0x00007ff8665f6afb, EFLAGS=0x0000000000010202

Top of Stack: (sp=0x0000000025d0e500)
0x0000000025d0e500:   00000000000003f7 0000000000000000
0x0000000025d0e510:   0000000000000000 0000000000000027
0x0000000025d0e520:   0000000200000000 0000000000000007
0x0000000025d0e530:   0000000000617461 0000000000000000
0x0000000025d0e540:   0000000025d0e780 0000000000000000
0x0000000025d0e550:   0000000000000000 0000000000000000
0x0000000025d0e560:   0000000025d0e700 00007ff8665e6a5b
0x0000000025d0e570:   0000000025d0e780 0000000025d0e780
0x0000000025d0e580:   0000000000000026 0000000000f866c0
0x0000000025d0e590:   0000000000f97820 0000000000000044
0x0000000025d0e5a0:   0000000000000011 0000000000002b90
0x0000000025d0e5b0:   0000000000f97820 00007ff8665747b1
0x0000000025d0e5c0:   00000000000025b8 0000000000ea0000
0x0000000025d0e5d0:   0000000025d0e700 0000000000000000
0x0000000025d0e5e0:   0000000000000000 0000000000000025
0x0000000025d0e5f0:   0000000000000002 00007ff863125e35 

Instructions: (pc=0x00007ff8665f6afb)
0x00007ff8665f6adb:   00 00 48 c1 e9 0c 49 8b c6 48 2b c1 48 8b 18 48
0x00007ff8665f6aeb:   89 5c 24 30 48 85 db 0f 84 ee 04 00 00 0f 0d 0b
0x00007ff8665f6afb:   4c 8b 4b 08 41 8b 46 0c c1 e8 08 0f b7 d0 48 8b
0x00007ff8665f6b0b:   03 4c 89 4c 24 48 89 54 24 38 48 8b 08 41 8b 41 


Register to memory mapping:

RAX=0x0000000000f96fd0 is an unknown value
RBX=0x0000000000617461 is an unknown value
RCX=0x0000000000000840 is an unknown value
RDX=0x0000000000f97820 is an unknown value
RSP=0x0000000025d0e500 is pointing into the stack for thread: 0x000000001edaf800
RBP=0x0000000000000000 is an unknown value
RSI=0x0000000000ea0000 is an unknown value
RDI=0x0000000000000000 is an unknown value
R8 =0x000000002e43d90c is an unknown value
R9 =0x0000000000000000 is an unknown value
R10=0x0047000001000000 is an unknown value
R11=0x0000000000f97b41 is an unknown value
R12=0x0000000000000000 is an unknown value
R13=0x0000000000f97820 is an unknown value
R14=0x0000000000f97810 is an unknown value
R15=0x0000000000000001 is an unknown value


Stack: [0x0000000025c10000,0x0000000025d10000],  sp=0x0000000025d0e500,  free space=1017k
Native frames: (J=compiled Java code, j=interpreted, Vv=VM code, C=native code)

Java frames: (J=compiled Java code, j=interpreted, Vv=VM code)
j  java.net.NetworkInterface.getAll()[Ljava/net/NetworkInterface;+0
j  java.net.NetworkInterface.getNetworkInterfaces()Ljava/util/Enumeration;+0
j  org.apache.tomcat.util.net.AbstractEndpoint.getUnlockAddress(Ljava/net/InetSocketAddress;)Ljava/net/InetSocketAddress;+14
j  org.apache.tomcat.util.net.AbstractEndpoint.unlockAccept()V+97
j  org.apache.tomcat.util.net.AbstractEndpoint.pause()V+24
j  org.apache.coyote.AbstractProtocol.pause()V+48
j  org.apache.catalina.connector.Connector.pause()V+11
j  org.apache.catalina.core.StandardService.stopInternal()V+32
j  org.apache.catalina.util.LifecycleBase.stop()V+214
j  org.apache.catalina.core.StandardServer.stopInternal()V+77
j  org.apache.catalina.util.LifecycleBase.stop()V+214
j  org.apache.catalina.startup.Tomcat.stop()V+9
j  org.springframework.boot.web.embedded.tomcat.TomcatWebServer.stopTomcat()V+29
j  org.springframework.boot.web.embedded.tomcat.TomcatWebServer.stop()V+18
j  org.springframework.boot.web.servlet.context.ServletWebServerApplicationContext.stopAndReleaseWebServer()V+10
j  org.springframework.boot.web.servlet.context.ServletWebServerApplicationContext.onClose()V+5
j  org.springframework.context.support.AbstractApplicationContext.doClose()V+135
j  org.springframework.context.support.AbstractApplicationContext$1.run()V+14
v  ~StubRoutines::call_stub

---------------  P R O C E S S  ---------------

Java Threads: ( => current thread )
  0x000000001edb6800 JavaThread "globalEventExecutor-2-2" [_thread_blocked, id=10356, stack(0x000000001e570000,0x000000001e670000)]
=>0x000000001edaf800 JavaThread "SpringContextShutdownHook" [_thread_in_native, id=3024, stack(0x0000000025c10000,0x0000000025d10000)]
  0x000000001edb5800 JavaThread "SIGINT handler" daemon [_thread_blocked, id=11208, stack(0x000000001e370000,0x000000001e470000)]
  0x000000001edab000 JavaThread "Keep-Alive-Timer" daemon [_thread_blocked, id=2320, stack(0x0000000025910000,0x0000000025a10000)]
  0x000000001edae000 JavaThread "logback-8" daemon [_thread_blocked, id=9788, stack(0x0000000025d10000,0x0000000025e10000)]
  0x000000001edb2800 JavaThread "logback-7" daemon [_thread_blocked, id=5712, stack(0x0000000026210000,0x0000000026310000)]
  0x000000001edaf000 JavaThread "logback-6" daemon [_thread_blocked, id=8500, stack(0x0000000024310000,0x0000000024410000)]
  0x000000001edad800 JavaThread "logback-5" daemon [_thread_blocked, id=6708, stack(0x00000000030b0000,0x00000000031b0000)]
  0x000000001edac800 JavaThread "logback-4" daemon [_thread_blocked, id=1760, stack(0x0000000020b40000,0x0000000020c40000)]
  0x000000001edb2000 JavaThread "logback-3" daemon [_thread_blocked, id=6572, stack(0x0000000001070000,0x0000000001170000)]
  0x000000001edb1000 JavaThread "logback-2" daemon [_thread_blocked, id=7148, stack(0x0000000026010000,0x0000000026110000)]
  0x000000001edac000 JavaThread "com.alibaba.nacos.client.Worker.longPollingfixed-127.0.0.1_8848-1c3464ea-4f5a-4bcf-96e9-5b95d0fb73e3" daemon [_thread_in_native, id=10408, stack(0x0000000025b10000,0x0000000025c10000)]
  0x000000001edaa800 JavaThread "com.alibaba.nacos.client.Worker.fixed-127.0.0.1_8848-1c3464ea-4f5a-4bcf-96e9-5b95d0fb73e3" daemon [_thread_blocked, id=10468, stack(0x0000000025a10000,0x0000000025b10000)]
  0x0000000022917000 JavaThread "com.alibaba.nacos.client.naming.updater" daemon [_thread_blocked, id=10792, stack(0x0000000025810000,0x0000000025910000)]
  0x0000000022918000 JavaThread "com.alibaba.nacos.client.Worker.longPollingfixed-127.0.0.1_8848-1c3464ea-4f5a-4bcf-96e9-5b95d0fb73e3" daemon [_thread_blocked, id=8828, stack(0x0000000025710000,0x0000000025810000)]
  0x0000000022916800 JavaThread "DestroyJavaVM" [_thread_blocked, id=9756, stack(0x0000000002ef0000,0x0000000002ff0000)]
  0x0000000022914000 JavaThread "http-nio-8002-Acceptor" daemon [_thread_in_native, id=9476, stack(0x0000000025510000,0x0000000025610000)]
  0x000000002290f000 JavaThread "http-nio-8002-ClientPoller" daemon [_thread_in_native, id=8936, stack(0x0000000025410000,0x0000000025510000)]
  0x0000000022915000 JavaThread "http-nio-8002-exec-10" daemon [_thread_blocked, id=11016, stack(0x0000000025310000,0x0000000025410000)]
  0x0000000022912800 JavaThread "http-nio-8002-exec-9" daemon [_thread_blocked, id=4180, stack(0x0000000025210000,0x0000000025310000)]
  0x0000000022913800 JavaThread "http-nio-8002-exec-8" daemon [_thread_blocked, id=9508, stack(0x0000000025110000,0x0000000025210000)]
  0x0000000022915800 JavaThread "http-nio-8002-exec-7" daemon [_thread_blocked, id=1552, stack(0x0000000025010000,0x0000000025110000)]
  0x000000002290d800 JavaThread "http-nio-8002-exec-6" daemon [_thread_blocked, id=10452, stack(0x0000000024f10000,0x0000000025010000)]
  0x000000002290c800 JavaThread "http-nio-8002-exec-5" daemon [_thread_blocked, id=10012, stack(0x0000000024e10000,0x0000000024f10000)]
  0x0000000022912000 JavaThread "http-nio-8002-exec-4" daemon [_thread_blocked, id=8980, stack(0x0000000024d10000,0x0000000024e10000)]
  0x0000000022910800 JavaThread "http-nio-8002-exec-3" daemon [_thread_blocked, id=6568, stack(0x0000000024c10000,0x0000000024d10000)]
  0x0000000022911000 JavaThread "http-nio-8002-exec-2" daemon [_thread_blocked, id=9824, stack(0x0000000024b10000,0x0000000024c10000)]
  0x000000002290e000 JavaThread "http-nio-8002-exec-1" daemon [_thread_blocked, id=9700, stack(0x0000000024a10000,0x0000000024b10000)]
  0x0000000022909800 JavaThread "http-nio-8002-BlockPoller" daemon [_thread_in_native, id=10768, stack(0x0000000024910000,0x0000000024a10000)]
  0x000000002290c000 JavaThread "com.alibaba.nacos.client.naming.updater" daemon [_thread_blocked, id=3000, stack(0x0000000024610000,0x0000000024710000)]
  0x000000002290b000 JavaThread "ThreadPoolTaskScheduler-1" [_thread_blocked, id=2864, stack(0x0000000021a40000,0x0000000021b40000)]
  0x000000001ebd5800 JavaThread "com.alibaba.nacos.naming.push.receiver" daemon [_thread_in_native, id=9448, stack(0x0000000024210000,0x0000000024310000)]
  0x000000001ebd8000 JavaThread "com.alibaba.nacos.naming.failover" daemon [_thread_blocked, id=8140, stack(0x0000000024110000,0x0000000024210000)]
  0x000000001ebd8800 JavaThread "com.alibaba.nacos.naming.beat.sender" daemon [_thread_blocked, id=2296, stack(0x0000000024010000,0x0000000024110000)]
  0x000000001ebda000 JavaThread "com.alibaba.nacos.naming.beat.sender" daemon [_thread_blocked, id=7344, stack(0x0000000023f10000,0x0000000024010000)]
  0x000000001ebd5000 JavaThread "com.alibaba.nacos.naming.client.listener" daemon [_thread_blocked, id=5188, stack(0x0000000023e10000,0x0000000023f10000)]
  0x000000001ebd4000 JavaThread "container-0" [_thread_blocked, id=7472, stack(0x0000000023610000,0x0000000023710000)]
  0x000000002216b800 JavaThread "Catalina-utility-2" [_thread_blocked, id=10908, stack(0x0000000023410000,0x0000000023510000)]
  0x0000000022151800 JavaThread "Catalina-utility-1" [_thread_blocked, id=224, stack(0x0000000023310000,0x0000000023410000)]
  0x000000001fe1b000 JavaThread "com.alibaba.nacos.client.Worker.fixed-127.0.0.1_8848-1c3464ea-4f5a-4bcf-96e9-5b95d0fb73e3" daemon [_thread_blocked, id=7008, stack(0x0000000021640000,0x0000000021740000)]
  0x000000001fe1a800 JavaThread "Timer-0" daemon [_thread_blocked, id=6328, stack(0x0000000021540000,0x0000000021640000)]
  0x000000001fdd0800 JavaThread "logback-1" daemon [_thread_blocked, id=9536, stack(0x000000001f470000,0x000000001f570000)]
  0x000000001f926000 JavaThread "RMI Scheduler(0)" daemon [_thread_blocked, id=7052, stack(0x0000000020c40000,0x0000000020d40000)]
  0x000000001ee03000 JavaThread "RMI TCP Accept-0" daemon [_thread_in_native, id=11104, stack(0x000000001f270000,0x000000001f370000)]
  0x000000001eb7a000 JavaThread "Service Thread" daemon [_thread_blocked, id=5032, stack(0x000000001f170000,0x000000001f270000)]
  0x000000001eaa8000 JavaThread "C1 CompilerThread2" daemon [_thread_blocked, id=8964, stack(0x000000001f070000,0x000000001f170000)]
  0x000000001eaa7800 JavaThread "C2 CompilerThread1" daemon [_thread_blocked, id=9404, stack(0x000000001ef70000,0x000000001f070000)]
  0x000000001ead9800 JavaThread "C2 CompilerThread0" daemon [_thread_blocked, id=9864, stack(0x000000001ee70000,0x000000001ef70000)]
  0x000000001ca60000 JavaThread "JDWP Event Helper Thread" daemon [_thread_blocked, id=10868, stack(0x000000001e470000,0x000000001e570000)]
  0x000000001ca4c000 JavaThread "Attach Listener" daemon [_thread_blocked, id=6652, stack(0x000000001e270000,0x000000001e370000)]
  0x000000001ca39000 JavaThread "Signal Dispatcher" daemon [_thread_blocked, id=2452, stack(0x000000001e170000,0x000000001e270000)]
  0x00000000032ae800 JavaThread "Finalizer" daemon [_thread_blocked, id=6956, stack(0x000000001dc70000,0x000000001dd70000)]
  0x000000001c9e8800 JavaThread "Reference Handler" daemon [_thread_blocked, id=9048, stack(0x000000001db70000,0x000000001dc70000)]

Other Threads:
  0x000000001c9e7800 VMThread [stack: 0x000000001da70000,0x000000001db70000] [id=3224]
  0x000000001ee11000 WatcherThread [stack: 0x000000001f370000,0x000000001f470000] [id=6072]

VM state:not at safepoint (normal execution)

VM Mutex/Monitor currently owned by a thread: None

Heap:
 PSYoungGen      total 307200K, used 214561K [0x000000076b600000, 0x0000000781b00000, 0x00000007c0000000)
  eden space 294912K, 68% used [0x000000076b600000,0x0000000777b895a8,0x000000077d600000)
  from space 12288K, 99% used [0x0000000780f00000,0x0000000781afef40,0x0000000781b00000)
  to   space 14848K, 0% used [0x000000077fe00000,0x000000077fe00000,0x0000000780c80000)
 ParOldGen       total 153088K, used 19360K [0x00000006c2200000, 0x00000006cb780000, 0x000000076b600000)
  object space 153088K, 12% used [0x00000006c2200000,0x00000006c34e8140,0x00000006cb780000)
 Metaspace       used 48161K, capacity 51052K, committed 51328K, reserved 1093632K
  class space    used 6449K, capacity 6966K, committed 7040K, reserved 1048576K

Card table byte_map: [0x0000000012860000,0x0000000013050000] byte_map_base: 0x000000000f24f000

Marking Bits: (ParMarkBitMap*) 0x000000005299c720
 Begin Bits: [0x00000000139a0000, 0x0000000017918000)
 End Bits:   [0x0000000017918000, 0x000000001b890000)

Polling page: 0x00000000011d0000

CodeCache: size=245760Kb used=10627Kb max_used=10627Kb free=235132Kb
 bounds [0x00000000034a0000, 0x0000000003f10000, 0x00000000124a0000]
 total_blobs=5724 nmethods=5199 adapters=445
 compilation: enabled

Compilation events (10 events):
Event: 289.249 Thread 0x000000001eaa8000 5321       1       java.util.concurrent.ConcurrentHashMap$MapEntry::getValue (5 bytes)
Event: 289.249 Thread 0x000000001eaa8000 nmethod 5321 0x0000000003f02310 code [0x0000000003f02460, 0x0000000003f02570]
Event: 289.249 Thread 0x000000001eaa8000 5320       1       java.util.logging.LogManager::checkPermission (17 bytes)
Event: 289.250 Thread 0x000000001eaa8000 nmethod 5320 0x0000000003f025d0 code [0x0000000003f02740, 0x0000000003f028a8]
Event: 289.259 Thread 0x000000001eaa8000 5322       1       org.springframework.boot.ansi.AnsiColor::toString (5 bytes)
Event: 289.259 Thread 0x000000001eaa8000 nmethod 5322 0x0000000003f02910 code [0x0000000003f02a60, 0x0000000003f02b70]
Event: 289.262 Thread 0x000000001eaa8000 5323       1       java.util.concurrent.locks.ReentrantReadWriteLock::writeLock (5 bytes)
Event: 289.262 Thread 0x000000001eaa8000 nmethod 5323 0x0000000003f02bd0 code [0x0000000003f02d20, 0x0000000003f02e30]
Event: 289.296 Thread 0x000000001eaa8000 5328       1       sun.invoke.util.Wrapper::isDoubleWord (15 bytes)
Event: 289.296 Thread 0x000000001eaa8000 nmethod 5328 0x0000000003f02e90 code [0x0000000003f02fe0, 0x0000000003f03110]

GC Heap History (10 events):
Event: 6.416 GC heap before
{Heap before GC invocations=6 (full 1):
 PSYoungGen      total 140800K, used 130048K [0x000000076b600000, 0x0000000774a00000, 0x00000007c0000000)
  eden space 130048K, 100% used [0x000000076b600000,0x0000000773500000,0x0000000773500000)
  from space 10752K, 0% used [0x0000000773f80000,0x0000000773f80000,0x0000000774a00000)
  to   space 10752K, 0% used [0x0000000773500000,0x0000000773500000,0x0000000773f80000)
 ParOldGen       total 94208K, used 6800K [0x00000006c2200000, 0x00000006c7e00000, 0x000000076b600000)
  object space 94208K, 7% used [0x00000006c2200000,0x00000006c28a40a0,0x00000006c7e00000)
 Metaspace       used 25976K, capacity 26922K, committed 27008K, reserved 1073152K
  class space    used 3485K, capacity 3691K, committed 3712K, reserved 1048576K
Event: 6.427 GC heap after
Heap after GC invocations=6 (full 1):
 PSYoungGen      total 140800K, used 8963K [0x000000076b600000, 0x0000000779800000, 0x00000007c0000000)
  eden space 130048K, 0% used [0x000000076b600000,0x000000076b600000,0x0000000773500000)
  from space 10752K, 83% used [0x0000000773500000,0x0000000773dc0c70,0x0000000773f80000)
  to   space 9728K, 0% used [0x0000000778e80000,0x0000000778e80000,0x0000000779800000)
 ParOldGen       total 94208K, used 6872K [0x00000006c2200000, 0x00000006c7e00000, 0x000000076b600000)
  object space 94208K, 7% used [0x00000006c2200000,0x00000006c28b60b0,0x00000006c7e00000)
 Metaspace       used 25976K, capacity 26922K, committed 27008K, reserved 1073152K
  class space    used 3485K, capacity 3691K, committed 3712K, reserved 1048576K
}
Event: 7.212 GC heap before
{Heap before GC invocations=7 (full 1):
 PSYoungGen      total 140800K, used 139011K [0x000000076b600000, 0x0000000779800000, 0x00000007c0000000)
  eden space 130048K, 100% used [0x000000076b600000,0x0000000773500000,0x0000000773500000)
  from space 10752K, 83% used [0x0000000773500000,0x0000000773dc0c70,0x0000000773f80000)
  to   space 9728K, 0% used [0x0000000778e80000,0x0000000778e80000,0x0000000779800000)
 ParOldGen       total 94208K, used 6872K [0x00000006c2200000, 0x00000006c7e00000, 0x000000076b600000)
  object space 94208K, 7% used [0x00000006c2200000,0x00000006c28b60b0,0x00000006c7e00000)
 Metaspace       used 29549K, capacity 30774K, committed 30976K, reserved 1075200K
  class space    used 3976K, capacity 4267K, committed 4352K, reserved 1048576K
Event: 7.223 GC heap after
Heap after GC invocations=7 (full 1):
 PSYoungGen      total 220160K, used 9699K [0x000000076b600000, 0x0000000779a80000, 0x00000007c0000000)
  eden space 210432K, 0% used [0x000000076b600000,0x000000076b600000,0x0000000778380000)
  from space 9728K, 99% used [0x0000000778e80000,0x00000007797f8d88,0x0000000779800000)
  to   space 11264K, 0% used [0x0000000778380000,0x0000000778380000,0x0000000778e80000)
 ParOldGen       total 94208K, used 7351K [0x00000006c2200000, 0x00000006c7e00000, 0x000000076b600000)
  object space 94208K, 7% used [0x00000006c2200000,0x00000006c292dd88,0x00000006c7e00000)
 Metaspace       used 29549K, capacity 30774K, committed 30976K, reserved 1075200K
  class space    used 3976K, capacity 4267K, committed 4352K, reserved 1048576K
}
Event: 8.169 GC heap before
{Heap before GC invocations=8 (full 1):
 PSYoungGen      total 220160K, used 128822K [0x000000076b600000, 0x0000000779a80000, 0x00000007c0000000)
  eden space 210432K, 56% used [0x000000076b600000,0x0000000772a54bc0,0x0000000778380000)
  from space 9728K, 99% used [0x0000000778e80000,0x00000007797f8d88,0x0000000779800000)
  to   space 11264K, 0% used [0x0000000778380000,0x0000000778380000,0x0000000778e80000)
 ParOldGen       total 94208K, used 7351K [0x00000006c2200000, 0x00000006c7e00000, 0x000000076b600000)
  object space 94208K, 7% used [0x00000006c2200000,0x00000006c292dd88,0x00000006c7e00000)
 Metaspace       used 33790K, capacity 35464K, committed 35496K, reserved 1079296K
  class space    used 4517K, capacity 4850K, committed 4864K, reserved 1048576K
Event: 8.182 GC heap after
Heap after GC invocations=8 (full 1):
 PSYoungGen      total 221696K, used 11246K [0x000000076b600000, 0x0000000781b00000, 0x00000007c0000000)
  eden space 210432K, 0% used [0x000000076b600000,0x000000076b600000,0x0000000778380000)
  from space 11264K, 99% used [0x0000000778380000,0x0000000778e7b940,0x0000000778e80000)
  to   space 12288K, 0% used [0x0000000780f00000,0x0000000780f00000,0x0000000781b00000)
 ParOldGen       total 94208K, used 7539K [0x00000006c2200000, 0x00000006c7e00000, 0x000000076b600000)
  object space 94208K, 8% used [0x00000006c2200000,0x00000006c295ce60,0x00000006c7e00000)
 Metaspace       used 33790K, capacity 35464K, committed 35496K, reserved 1079296K
  class space    used 4517K, capacity 4850K, committed 4864K, reserved 1048576K
}
Event: 8.183 GC heap before
{Heap before GC invocations=9 (full 2):
 PSYoungGen      total 221696K, used 11246K [0x000000076b600000, 0x0000000781b00000, 0x00000007c0000000)
  eden space 210432K, 0% used [0x000000076b600000,0x000000076b600000,0x0000000778380000)
  from space 11264K, 99% used [0x0000000778380000,0x0000000778e7b940,0x0000000778e80000)
  to   space 12288K, 0% used [0x0000000780f00000,0x0000000780f00000,0x0000000781b00000)
 ParOldGen       total 94208K, used 7539K [0x00000006c2200000, 0x00000006c7e00000, 0x000000076b600000)
  object space 94208K, 8% used [0x00000006c2200000,0x00000006c295ce60,0x00000006c7e00000)
 Metaspace       used 33790K, capacity 35464K, committed 35496K, reserved 1079296K
  class space    used 4517K, capacity 4850K, committed 4864K, reserved 1048576K
Event: 8.276 GC heap after
Heap after GC invocations=9 (full 2):
 PSYoungGen      total 221696K, used 0K [0x000000076b600000, 0x0000000781b00000, 0x00000007c0000000)
  eden space 210432K, 0% used [0x000000076b600000,0x000000076b600000,0x0000000778380000)
  from space 11264K, 0% used [0x0000000778380000,0x0000000778380000,0x0000000778e80000)
  to   space 12288K, 0% used [0x0000000780f00000,0x0000000780f00000,0x0000000781b00000)
 ParOldGen       total 153088K, used 16206K [0x00000006c2200000, 0x00000006cb780000, 0x000000076b600000)
  object space 153088K, 10% used [0x00000006c2200000,0x00000006c31d3868,0x00000006cb780000)
 Metaspace       used 33790K, capacity 35464K, committed 35496K, reserved 1079296K
  class space    used 4517K, capacity 4850K, committed 4864K, reserved 1048576K
}
Event: 11.369 GC heap before
{Heap before GC invocations=10 (full 2):
 PSYoungGen      total 221696K, used 210432K [0x000000076b600000, 0x0000000781b00000, 0x00000007c0000000)
  eden space 210432K, 100% used [0x000000076b600000,0x0000000778380000,0x0000000778380000)
  from space 11264K, 0% used [0x0000000778380000,0x0000000778380000,0x0000000778e80000)
  to   space 12288K, 0% used [0x0000000780f00000,0x0000000780f00000,0x0000000781b00000)
 ParOldGen       total 153088K, used 16206K [0x00000006c2200000, 0x00000006cb780000, 0x000000076b600000)
  object space 153088K, 10% used [0x00000006c2200000,0x00000006c31d3868,0x00000006cb780000)
 Metaspace       used 43114K, capacity 45556K, committed 45696K, reserved 1089536K
  class space    used 5779K, capacity 6203K, committed 6272K, reserved 1048576K
Event: 11.388 GC heap after
Heap after GC invocations=10 (full 2):
 PSYoungGen      total 307200K, used 12283K [0x000000076b600000, 0x0000000781b00000, 0x00000007c0000000)
  eden space 294912K, 0% used [0x000000076b600000,0x000000076b600000,0x000000077d600000)
  from space 12288K, 99% used [0x0000000780f00000,0x0000000781afef40,0x0000000781b00000)
  to   space 14848K, 0% used [0x000000077fe00000,0x000000077fe00000,0x0000000780c80000)
 ParOldGen       total 153088K, used 19360K [0x00000006c2200000, 0x00000006cb780000, 0x000000076b600000)
  object space 153088K, 12% used [0x00000006c2200000,0x00000006c34e8140,0x00000006cb780000)
 Metaspace       used 43114K, capacity 45556K, committed 45696K, reserved 1089536K
  class space    used 5779K, capacity 6203K, committed 6272K, reserved 1048576K
}

Deoptimization events (0 events):
No events

Internal exceptions (10 events):
Event: 258.811 Thread 0x000000001fe1a800 Exception <a 'java/io/FileNotFoundException'> (0x0000000771f56460) thrown at [C:\re\workspace\8-2-build-windows-amd64-cygwin\jdk8u131\8869\hotspot\src\share\vm\prims\jni.cpp, line 709]
Event: 268.844 Thread 0x000000001fe1a800 Exception <a 'java/io/FileNotFoundException'> (0x0000000771f5ede8) thrown at [C:\re\workspace\8-2-build-windows-amd64-cygwin\jdk8u131\8869\hotspot\src\share\vm\prims\jni.cpp, line 709]
Event: 268.850 Thread 0x000000001fe1a800 Exception <a 'java/io/FileNotFoundException'> (0x0000000771f5f3c0) thrown at [C:\re\workspace\8-2-build-windows-amd64-cygwin\jdk8u131\8869\hotspot\src\share\vm\prims\jni.cpp, line 709]
Event: 278.845 Thread 0x000000001fe1a800 Exception <a 'java/io/FileNotFoundException'> (0x0000000771f67d48) thrown at [C:\re\workspace\8-2-build-windows-amd64-cygwin\jdk8u131\8869\hotspot\src\share\vm\prims\jni.cpp, line 709]
Event: 278.845 Thread 0x000000001fe1a800 Exception <a 'java/io/FileNotFoundException'> (0x0000000771f68320) thrown at [C:\re\workspace\8-2-build-windows-amd64-cygwin\jdk8u131\8869\hotspot\src\share\vm\prims\jni.cpp, line 709]
Event: 288.847 Thread 0x000000001fe1a800 Exception <a 'java/io/FileNotFoundException'> (0x0000000771f70ca8) thrown at [C:\re\workspace\8-2-build-windows-amd64-cygwin\jdk8u131\8869\hotspot\src\share\vm\prims\jni.cpp, line 709]
Event: 288.847 Thread 0x000000001fe1a800 Exception <a 'java/io/FileNotFoundException'> (0x0000000771f71280) thrown at [C:\re\workspace\8-2-build-windows-amd64-cygwin\jdk8u131\8869\hotspot\src\share\vm\prims\jni.cpp, line 709]
Event: 289.271 Thread 0x000000001edaf800 Exception <a 'java/lang/NoSuchMethodError': java.lang.Object.lambda$toStream$0(Ljava/util/Optional;)Ljava/util/stream/Stream;> (0x000000077749d0c8) thrown at [C:\re\workspace\8-2-build-windows-amd64-cygwin\jdk8u131\8869\hotspot\src\share\vm\interpreter\li
Event: 289.273 Thread 0x000000001edaf800 Exception <a 'java/lang/NoSuchMethodError': java.lang.Object.of(Ljava/lang/Object;)Ljava/util/stream/Stream;> (0x00000007774a3600) thrown at [C:\re\workspace\8-2-build-windows-amd64-cygwin\jdk8u131\8869\hotspot\src\share\vm\interpreter\linkResolver.cpp, l
Event: 289.274 Thread 0x000000001edaf800 Exception <a 'java/lang/NoSuchMethodError': java.lang.Object.empty()Ljava/util/stream/Stream;> (0x00000007774a63c8) thrown at [C:\re\workspace\8-2-build-windows-amd64-cygwin\jdk8u131\8869\hotspot\src\share\vm\interpreter\linkResolver.cpp, line 582]

Events (10 events):
Event: 289.313 Thread 0x000000001edb3800 Thread exited: 0x000000001edb3800
Event: 289.313 Thread 0x000000001edb5000 Thread exited: 0x000000001edb5000
Event: 289.313 Thread 0x000000001edb4000 Thread exited: 0x000000001edb4000
Event: 289.313 Thread 0x000000001edb7800 Thread exited: 0x000000001edb7800
Event: 289.313 Executing VM operation: RevokeBias
Event: 289.314 Executing VM operation: RevokeBias done
Event: 289.314 Executing VM operation: RevokeBias
Event: 289.314 Executing VM operation: RevokeBias done
Event: 289.316 Executing VM operation: RevokeBias
Event: 289.316 Executing VM operation: RevokeBias done


Dynamic libraries:
0x00007ff784f00000 - 0x00007ff784f37000 	D:\Java\jdk1.8.0_131\bin\java.exe
0x00007ff866550000 - 0x00007ff866745000 	C:\Windows\SYSTEM32\ntdll.dll
0x00007ff8657c0000 - 0x00007ff86587d000 	C:\Windows\System32\KERNEL32.DLL
0x00007ff8640a0000 - 0x00007ff864369000 	C:\Windows\System32\KERNELBASE.dll
0x00007ff865fb0000 - 0x00007ff86605c000 	C:\Windows\System32\ADVAPI32.dll
0x00007ff8660b0000 - 0x00007ff86614e000 	C:\Windows\System32\msvcrt.dll
0x00007ff865bd0000 - 0x00007ff865c6c000 	C:\Windows\System32\sechost.dll
0x00007ff8645e0000 - 0x00007ff86470b000 	C:\Windows\System32\RPCRT4.dll
0x00007ff865e10000 - 0x00007ff865fb0000 	C:\Windows\System32\USER32.dll
0x00007ff863d70000 - 0x00007ff863d92000 	C:\Windows\System32\win32u.dll
0x00007ff8645b0000 - 0x00007ff8645da000 	C:\Windows\System32\GDI32.dll
0x00007ff863f90000 - 0x00007ff86409b000 	C:\Windows\System32\gdi32full.dll
0x00007ff863ef0000 - 0x00007ff863f8d000 	C:\Windows\System32\msvcp_win.dll
0x00007ff863df0000 - 0x00007ff863ef0000 	C:\Windows\System32\ucrtbase.dll
0x00007ff84ae80000 - 0x00007ff84b11a000 	C:\Windows\WinSxS\amd64_microsoft.windows.common-controls_6595b64144ccf1df_6.0.19041.844_none_ca00b6081b84eb1d\COMCTL32.dll
0x00007ff866060000 - 0x00007ff866090000 	C:\Windows\System32\IMM32.DLL
0x0000000052a20000 - 0x0000000052af2000 	D:\Java\jdk1.8.0_131\jre\bin\msvcr100.dll
0x0000000052180000 - 0x0000000052a1c000 	D:\Java\jdk1.8.0_131\jre\bin\server\jvm.dll
0x00007ff865700000 - 0x00007ff865708000 	C:\Windows\System32\PSAPI.DLL
0x00007ff860460000 - 0x00007ff860469000 	C:\Windows\SYSTEM32\WSOCK32.dll
0x00007ff865c70000 - 0x00007ff865cdb000 	C:\Windows\System32\WS2_32.dll
0x00007ff84d950000 - 0x00007ff84d977000 	C:\Windows\SYSTEM32\WINMM.dll
0x00007ff856360000 - 0x00007ff85636a000 	C:\Windows\SYSTEM32\VERSION.dll
0x0000000052170000 - 0x000000005217f000 	D:\Java\jdk1.8.0_131\jre\bin\verify.dll
0x0000000052140000 - 0x0000000052169000 	D:\Java\jdk1.8.0_131\jre\bin\java.dll
0x0000000052030000 - 0x0000000052065000 	D:\Java\jdk1.8.0_131\jre\bin\jdwp.dll
0x00000000520c0000 - 0x00000000520c8000 	D:\Java\jdk1.8.0_131\jre\bin\npt.dll
0x0000000052000000 - 0x0000000052023000 	D:\Java\jdk1.8.0_131\jre\bin\instrument.dll
0x0000000052120000 - 0x0000000052136000 	D:\Java\jdk1.8.0_131\jre\bin\zip.dll
0x00007ff864710000 - 0x00007ff864e52000 	C:\Windows\System32\SHELL32.dll
0x00007ff861df0000 - 0x00007ff862580000 	C:\Windows\SYSTEM32\windows.storage.dll
0x00007ff8653a0000 - 0x00007ff8656f5000 	C:\Windows\System32\combase.dll
0x00007ff863700000 - 0x00007ff86372c000 	C:\Windows\SYSTEM32\Wldp.dll
0x00007ff866160000 - 0x00007ff86620e000 	C:\Windows\System32\SHCORE.dll
0x00007ff864e70000 - 0x00007ff864ec5000 	C:\Windows\System32\shlwapi.dll
0x00007ff863bd0000 - 0x00007ff863bef000 	C:\Windows\SYSTEM32\profapi.dll
0x00000000520b0000 - 0x00000000520b9000 	D:\Java\jdk1.8.0_131\jre\bin\dt_socket.dll
0x00007ff863480000 - 0x00007ff8634ea000 	C:\Windows\system32\mswsock.dll
0x0000000052100000 - 0x000000005211a000 	D:\java\jdk1.8.0_131\jre\bin\net.dll
0x00007ff863160000 - 0x00007ff86322b000 	C:\Windows\SYSTEM32\DNSAPI.dll
0x00007ff863120000 - 0x00007ff86315b000 	C:\Windows\SYSTEM32\IPHLPAPI.DLL
0x00007ff866150000 - 0x00007ff866158000 	C:\Windows\System32\NSI.dll
0x00007ff85b9b0000 - 0x00007ff85b9ba000 	C:\Windows\System32\rasadhlp.dll
0x00007ff85b820000 - 0x00007ff85b89f000 	C:\Windows\System32\fwpuclnt.dll
0x00007ff864580000 - 0x00007ff8645a7000 	C:\Windows\System32\bcrypt.dll
0x00000000520d0000 - 0x00000000520dd000 	D:\java\jdk1.8.0_131\jre\bin\management.dll
0x00000000520e0000 - 0x00000000520f1000 	D:\java\jdk1.8.0_131\jre\bin\nio.dll
0x00007ff863650000 - 0x00007ff863668000 	C:\Windows\SYSTEM32\CRYPTSP.dll
0x00007ff862db0000 - 0x00007ff862de4000 	C:\Windows\system32\rsaenh.dll
0x00007ff863b90000 - 0x00007ff863bbe000 	C:\Windows\SYSTEM32\USERENV.dll
0x00007ff863c90000 - 0x00007ff863d10000 	C:\Windows\System32\bcryptprimitives.dll
0x00007ff863670000 - 0x00007ff86367c000 	C:\Windows\SYSTEM32\CRYPTBASE.dll
0x00007ff85c8a0000 - 0x00007ff85c8b7000 	C:\Windows\SYSTEM32\dhcpcsvc6.DLL
0x00007ff85c880000 - 0x00007ff85c89d000 	C:\Windows\SYSTEM32\dhcpcsvc.DLL
0x00007ff841fc0000 - 0x00007ff841fd7000 	C:\Windows\system32\napinsp.dll
0x00007ff841fa0000 - 0x00007ff841fbb000 	C:\Windows\system32\pnrpnsp.dll
0x00007ff841f80000 - 0x00007ff841f95000 	C:\Windows\system32\wshbth.dll
0x00007ff85cd20000 - 0x00007ff85cd3d000 	C:\Windows\system32\NLAapi.dll
0x00007ff841f60000 - 0x00007ff841f72000 	C:\Windows\System32\winrnr.dll
0x00007ff816750000 - 0x00007ff816791000 	C:\Users\Administrator\AppData\Local\Temp\jna-146731693\jna6540754735735869017.dll
0x0000000180000000 - 0x000000018007a000 	F:\DataWorkeBase\simulink\common\common_utils\target\classes\xpcapi.dll
0x00007ff8510e0000 - 0x00007ff8512c4000 	C:\Windows\SYSTEM32\dbghelp.dll

VM Arguments:
jvm_args: -agentlib:jdwp=transport=dt_socket,address=127.0.0.1:59862,suspend=y,server=n -XX:TieredStopAtLevel=1 -Xverify:none -Dspring.output.ansi.enabled=always -Dcom.sun.management.jmxremote -Dspring.jmx.enabled=true -Dspring.liveBeansView.mbeanDomain -Dspring.application.admin.enabled=true -javaagent:C:\Users\Administrator\AppData\Local\JetBrains\IntelliJIdea2020.1\captureAgent\debugger-agent.jar -Dfile.encoding=UTF-8 
java_command: com.hj.simulinkservice.SLserviceApplication
java_class_path (initial): D:\java\jdk1.8.0_131\jre\lib\charsets.jar;D:\java\jdk1.8.0_131\jre\lib\deploy.jar;D:\java\jdk1.8.0_131\jre\lib\ext\access-bridge-64.jar;D:\java\jdk1.8.0_131\jre\lib\ext\cldrdata.jar;D:\java\jdk1.8.0_131\jre\lib\ext\dnsns.jar;D:\java\jdk1.8.0_131\jre\lib\ext\jaccess.jar;D:\java\jdk1.8.0_131\jre\lib\ext\jfxrt.jar;D:\java\jdk1.8.0_131\jre\lib\ext\localedata.jar;D:\java\jdk1.8.0_131\jre\lib\ext\nashorn.jar;D:\java\jdk1.8.0_131\jre\lib\ext\sunec.jar;D:\java\jdk1.8.0_131\jre\lib\ext\sunjce_provider.jar;D:\java\jdk1.8.0_131\jre\lib\ext\sunmscapi.jar;D:\java\jdk1.8.0_131\jre\lib\ext\sunpkcs11.jar;D:\java\jdk1.8.0_131\jre\lib\ext\zipfs.jar;D:\java\jdk1.8.0_131\jre\lib\javaws.jar;D:\java\jdk1.8.0_131\jre\lib\jce.jar;D:\java\jdk1.8.0_131\jre\lib\jfr.jar;D:\java\jdk1.8.0_131\jre\lib\jfxswt.jar;D:\java\jdk1.8.0_131\jre\lib\jsse.jar;D:\java\jdk1.8.0_131\jre\lib\management-agent.jar;D:\java\jdk1.8.0_131\jre\lib\plugin.jar;D:\java\jdk1.8.0_131\jre\lib\resources.jar;D:\java\jdk1.8.0_131\jre\lib\rt.jar;F:\DataWorkeBase\simulink\service\service_simulink\target\classes;E:\maven-3.6.3\resp\com\mathworks\matlab\engin\2019b\engin-2019b.jar;F:\DataWorkeBase\simulink\common\service_base\target\classes;F:\DataWorkeBase\simulink\common\common_utils\target\classes;E:\maven-3.6.3\resp\io\jsonwebtoken\jjwt\0.7.0\jjwt-0.7.0.jar;E:\maven-3.6.3\resp\net\java\dev\jna\jna\5.4.0\jna-5.4.0.jar;E:\maven-3.6.3\resp\org\springframework\boot\spring-boot-starter-data-redis\2.2.1.RELEASE\spring-boot-starter-data-redis-2.2.1.RELEASE.jar;E:\maven-3.6.3\resp\org\springframework\data\spring-data-redis\2.2.1.RELEASE\spring-data-redis-2.2.1.RELEASE.jar;E:\maven-3.6.3\resp\org\springframework\data\spring-data-keyvalue\2.2.1.RELEASE\spring-data-keyvalue-2.2.1.RELEASE.jar;E:\maven-3.6.3\resp\org\springframework\data\spring-data-commons\2.2.1.RELEASE\spring-data-commons-2.2.1.RELEASE.jar;E:\maven-3.6.3\resp\org\springframework\spring-tx\5.2.1.RELEASE\spring-tx-5.2.1.RELEASE.jar;E:\maven-3.
Launcher Type: SUN_STANDARD

Environment Variables:
JAVA_HOME=D:\java\jdk1.8.0_131
CLASSPATH=.;D:\java\jdk1.8.0_131\lib;D:\java\jdk1.8.0_131\lib\tools.jar
PATH=E:\vmware\bin\;D:\java\jdk1.8.0_131\bin;D:\java\jdk1.8.0_131\jre\bin;C:\Windows\system32;C:\Windows;C:\Windows\System32\Wbem;C:\Windows\System32\WindowsPowerShell\v1.0\;C:\Windows\System32\OpenSSH\;E:\node;E:\maven-3.6.3\apache-maven-3.6.3\bin;E:\xshell\;E:\matlab\matlab\runtime\win64;E:\matlab\matlab\bin\win64;E:\matlab\matlab\polyspace\bin;C:\Program Files (x86)\Windows Kits\10\Windows Performance Toolkit\;E:\mysql\mysql-8.0.16-winx64\bin;C:\Users\Administrator\AppData\Local\Microsoft\WindowsApps;;C:\Users\Administrator\AppData\Local\Programs\Microsoft VS Code Insiders\bin;E:\vscode\Microsoft VS Code\bin
USERNAME=Administrator
OS=Windows_NT
PROCESSOR_IDENTIFIER=Intel64 Family 6 Model 142 Stepping 9, GenuineIntel



---------------  S Y S T E M  ---------------

OS: Windows 10.0 , 64 bit Build 19041 (10.0.19041.804)

CPU:total 4 (initial active 4) (2 cores per cpu, 2 threads per core) family 6 model 142 stepping 9, cmov, cx8, fxsr, mmx, sse, sse2, sse3, ssse3, sse4.1, sse4.2, popcnt, avx, avx2, aes, clmul, erms, 3dnowpref, lzcnt, ht, tsc, tscinvbit, bmi1, bmi2, adx

Memory: 4k page, physical 16632204k(9248636k free), swap 19122572k(8536792k free)

vm_info: Java HotSpot(TM) 64-Bit Server VM (25.131-b11) for windows-amd64 JRE (1.8.0_131-b11), built on Mar 15 2017 01:23:53 by "java_re" with MS VC++ 10.0 (VS2010)

time: Tue Mar 30 11:41:17 2021
elapsed time: 289 seconds (0d 0h 4m 49s)

